TN:
SF:src\services\store.ts
FN:30,useDispatch
FNF:1
FNH:0
FNDA:0,useDispatch
DA:1,1
DA:2,1
DA:3,1
DA:4,1
DA:5,1
DA:6,1
DA:7,1
DA:8,1
DA:9,1
DA:10,1
DA:11,1
DA:12,1
DA:13,1
DA:14,1
DA:15,1
DA:16,1
DA:17,1
DA:18,1
DA:19,1
DA:20,1
DA:21,1
DA:22,1
DA:23,1
DA:24,1
DA:25,1
DA:26,1
DA:27,1
DA:28,1
DA:29,1
DA:30,1
DA:31,1
DA:32,1
DA:33,1
LF:33
LH:33
BRF:0
BRH:0
end_of_record
TN:
SF:src\services\slices\authorizationSlice.ts
FN:70,authChecked
FN:73,logoutUser
FN:80,getUserErrorSelector
FN:81,getAuthenticatedSelector
FN:83,getAuthCheckedSelector
FN:84,getUserSelector
FN:85,getUserRequestSelector
FN:87,extraReducers
FNF:8
FNH:8
FNDA:1,authChecked
FNDA:1,logoutUser
FNDA:1,getUserErrorSelector
FNDA:1,getAuthenticatedSelector
FNDA:1,getAuthCheckedSelector
FNDA:1,getUserSelector
FNDA:1,getUserRequestSelector
FNDA:2,extraReducers
DA:1,1
DA:2,1
DA:3,1
DA:4,1
DA:5,1
DA:6,1
DA:7,1
DA:8,1
DA:9,1
DA:10,1
DA:11,1
DA:12,1
DA:13,1
DA:14,1
DA:15,1
DA:16,1
DA:17,1
DA:18,1
DA:19,1
DA:20,1
DA:21,1
DA:22,1
DA:23,1
DA:24,1
DA:25,1
DA:26,1
DA:27,1
DA:28,1
DA:29,1
DA:30,1
DA:31,1
DA:32,1
DA:33,1
DA:34,1
DA:35,1
DA:36,1
DA:37,0
DA:38,0
DA:39,0
DA:40,0
DA:41,0
DA:42,0
DA:43,1
DA:44,1
DA:45,1
DA:46,1
DA:47,1
DA:48,0
DA:49,0
DA:50,0
DA:51,0
DA:52,0
DA:53,0
DA:54,1
DA:55,1
DA:56,1
DA:57,1
DA:58,1
DA:59,1
DA:60,1
DA:61,1
DA:62,1
DA:63,1
DA:64,1
DA:65,1
DA:66,1
DA:67,1
DA:68,1
DA:69,1
DA:70,1
DA:71,1
DA:72,1
DA:73,1
DA:74,1
DA:75,1
DA:76,1
DA:77,1
DA:78,1
DA:79,1
DA:80,1
DA:81,1
DA:82,1
DA:83,1
DA:84,1
DA:85,1
DA:86,1
DA:87,1
DA:88,2
DA:89,2
DA:90,1
DA:91,1
DA:92,2
DA:93,2
DA:94,1
DA:95,1
DA:96,1
DA:97,1
DA:98,2
DA:99,2
DA:100,1
DA:101,1
DA:102,1
DA:103,2
DA:104,2
DA:105,2
DA:106,2
DA:107,1
DA:108,1
DA:109,2
DA:110,2
DA:111,1
DA:112,1
DA:113,1
DA:114,1
DA:115,2
DA:116,2
DA:117,1
DA:118,1
DA:119,1
DA:120,2
DA:121,2
DA:122,2
DA:123,2
DA:124,1
DA:125,1
DA:126,2
DA:127,2
DA:128,1
DA:129,1
DA:130,1
DA:131,1
DA:132,2
DA:133,2
DA:134,1
DA:135,1
DA:136,1
DA:137,2
DA:138,2
DA:139,2
DA:140,2
DA:141,1
DA:142,1
DA:143,2
DA:144,2
DA:145,1
DA:146,1
DA:147,1
DA:148,1
DA:149,2
DA:150,2
DA:151,1
DA:152,1
DA:153,1
DA:154,2
DA:155,2
DA:156,1
DA:157,1
DA:158,1
DA:159,1
DA:160,1
DA:161,1
DA:162,1
DA:163,1
DA:164,1
DA:165,1
LF:165
LH:153
BRDA:70,0,0,1
BRDA:73,1,0,1
BRDA:80,2,0,1
BRDA:81,3,0,1
BRDA:83,4,0,1
BRDA:84,5,0,1
BRDA:84,6,0,0
BRDA:85,7,0,1
BRDA:87,8,0,2
BRDA:89,9,0,1
BRDA:93,10,0,1
BRDA:99,11,0,1
BRDA:106,12,0,1
BRDA:110,13,0,1
BRDA:116,14,0,1
BRDA:123,15,0,1
BRDA:127,16,0,1
BRDA:133,17,0,1
BRDA:140,18,0,1
BRDA:144,19,0,1
BRDA:150,20,0,1
BRF:21
BRH:20
end_of_record
TN:
SF:src\services\slices\constructorSlice.ts
FN:25,addIngredient
FN:31,deleteIngredient
FN:34,moveUpIngredient
FN:41,moveDownIngredient
FN:48,resetOrderConstructor
FN:51,getConstructorItemsSelector
FNF:6
FNH:6
FNDA:2,addIngredient
FNDA:1,deleteIngredient
FNDA:1,moveUpIngredient
FNDA:1,moveDownIngredient
FNDA:1,resetOrderConstructor
FNDA:1,getConstructorItemsSelector
DA:1,1
DA:2,1
DA:3,1
DA:4,1
DA:5,1
DA:6,1
DA:7,1
DA:8,1
DA:9,1
DA:10,1
DA:11,1
DA:12,1
DA:13,1
DA:14,1
DA:15,1
DA:16,1
DA:17,1
DA:18,1
DA:19,1
DA:20,1
DA:21,1
DA:22,1
DA:23,1
DA:24,1
DA:25,1
DA:26,2
DA:27,2
DA:28,2
DA:29,2
DA:30,1
DA:31,1
DA:32,1
DA:33,1
DA:34,1
DA:35,1
DA:36,1
DA:37,1
DA:38,1
DA:39,1
DA:40,1
DA:41,1
DA:42,1
DA:43,1
DA:44,1
DA:45,1
DA:46,1
DA:47,1
DA:48,1
DA:49,1
DA:50,1
DA:51,1
DA:52,1
DA:53,1
DA:54,1
DA:55,1
DA:56,1
DA:57,1
DA:58,1
DA:59,1
DA:60,1
DA:61,1
DA:62,1
DA:63,1
DA:64,1
LF:64
LH:64
BRDA:25,0,0,2
BRDA:28,1,0,1
BRDA:29,2,0,1
BRDA:31,3,0,1
BRDA:34,4,0,1
BRDA:41,5,0,1
BRDA:48,6,0,1
BRDA:51,7,0,1
BRF:8
BRH:8
end_of_record
TN:
SF:src\services\slices\feedSlice.ts
FN:35,getFeedsAllSelector
FN:36,getFeedsDataSelector
FN:38,extraReducers
FNF:3
FNH:3
FNDA:1,getFeedsAllSelector
FNDA:1,getFeedsDataSelector
FNDA:2,extraReducers
DA:1,1
DA:2,1
DA:3,1
DA:4,1
DA:5,1
DA:6,1
DA:7,1
DA:8,1
DA:9,1
DA:10,1
DA:11,1
DA:12,1
DA:13,1
DA:14,1
DA:15,1
DA:16,1
DA:17,1
DA:18,1
DA:19,1
DA:20,1
DA:21,1
DA:22,1
DA:23,1
DA:24,1
DA:25,1
DA:26,1
DA:27,1
DA:28,1
DA:29,1
DA:30,1
DA:31,1
DA:32,1
DA:33,1
DA:34,1
DA:35,1
DA:36,1
DA:37,1
DA:38,1
DA:39,2
DA:40,2
DA:41,1
DA:42,1
DA:43,2
DA:44,2
DA:45,1
DA:46,1
DA:47,2
DA:48,2
DA:49,1
DA:50,1
DA:51,2
DA:52,2
DA:53,1
DA:54,1
DA:55,1
DA:56,1
LF:56
LH:56
BRDA:35,0,0,1
BRDA:35,1,0,0
BRDA:36,2,0,1
BRDA:38,3,0,2
BRDA:40,4,0,1
BRDA:44,5,0,1
BRDA:48,6,0,1
BRF:7
BRH:6
end_of_record
TN:
SF:src\services\slices\ingredientsSlice.ts
FN:31,getIngredientsSelector
FN:32,getLoadingIngredients
FN:34,extraReducers
FNF:3
FNH:3
FNDA:1,getIngredientsSelector
FNDA:1,getLoadingIngredients
FNDA:2,extraReducers
DA:1,1
DA:2,1
DA:3,1
DA:4,1
DA:5,1
DA:6,1
DA:7,1
DA:8,1
DA:9,1
DA:10,1
DA:11,1
DA:12,1
DA:13,1
DA:14,1
DA:15,1
DA:16,1
DA:17,1
DA:18,1
DA:19,1
DA:20,1
DA:21,1
DA:22,1
DA:23,1
DA:24,1
DA:25,1
DA:26,1
DA:27,1
DA:28,1
DA:29,1
DA:30,1
DA:31,1
DA:32,1
DA:33,1
DA:34,1
DA:35,2
DA:36,2
DA:37,1
DA:38,1
DA:39,2
DA:40,2
DA:41,1
DA:42,1
DA:43,2
DA:44,2
DA:45,1
DA:46,1
DA:47,2
DA:48,2
DA:49,1
DA:50,1
DA:51,1
DA:52,1
LF:52
LH:52
BRDA:31,0,0,1
BRDA:32,1,0,1
BRDA:34,2,0,2
BRDA:36,3,0,1
BRDA:40,4,0,1
BRDA:44,5,0,1
BRF:6
BRH:6
end_of_record
TN:
SF:src\services\slices\orderSlice.ts
FN:50,resetOrderData
FN:53,getOrdersHistorySelector
FN:54,getOrderRequestStatusSelector
FN:55,getorderModalDataSelector
FN:57,getOrderByNumberSelector
FN:60,extraReducers
FNF:6
FNH:6
FNDA:1,resetOrderData
FNDA:1,getOrdersHistorySelector
FNDA:1,getOrderRequestStatusSelector
FNDA:1,getorderModalDataSelector
FNDA:1,getOrderByNumberSelector
FNDA:2,extraReducers
DA:1,1
DA:2,1
DA:3,1
DA:4,1
DA:5,1
DA:6,1
DA:7,1
DA:8,1
DA:9,1
DA:10,1
DA:11,1
DA:12,1
DA:13,1
DA:14,1
DA:15,1
DA:16,1
DA:17,1
DA:18,1
DA:19,1
DA:20,1
DA:21,1
DA:22,1
DA:23,1
DA:24,1
DA:25,1
DA:26,1
DA:27,1
DA:28,1
DA:29,1
DA:30,1
DA:31,1
DA:32,1
DA:33,1
DA:34,1
DA:35,1
DA:36,1
DA:37,1
DA:38,1
DA:39,1
DA:40,1
DA:41,1
DA:42,1
DA:43,1
DA:44,1
DA:45,1
DA:46,1
DA:47,1
DA:48,1
DA:49,1
DA:50,1
DA:51,1
DA:52,1
DA:53,1
DA:54,1
DA:55,1
DA:56,1
DA:57,1
DA:58,1
DA:59,1
DA:60,1
DA:61,2
DA:62,2
DA:63,1
DA:64,1
DA:65,2
DA:66,2
DA:67,1
DA:68,1
DA:69,2
DA:70,2
DA:71,1
DA:72,1
DA:73,2
DA:74,2
DA:75,2
DA:76,2
DA:77,1
DA:78,1
DA:79,2
DA:80,2
DA:81,1
DA:82,1
DA:83,2
DA:84,2
DA:85,1
DA:86,1
DA:87,2
DA:88,2
DA:89,2
DA:90,2
DA:91,1
DA:92,1
DA:93,2
DA:94,2
DA:95,1
DA:96,1
DA:97,2
DA:98,2
DA:99,1
DA:100,1
DA:101,2
DA:102,2
DA:103,1
DA:104,1
DA:105,1
DA:106,1
DA:107,1
DA:108,1
DA:109,1
DA:110,1
DA:111,1
DA:112,1
LF:112
LH:112
BRDA:50,0,0,1
BRDA:53,1,0,1
BRDA:54,2,0,1
BRDA:55,3,0,1
BRDA:56,4,0,0
BRDA:57,5,0,1
BRDA:58,6,0,0
BRDA:60,7,0,2
BRDA:62,8,0,1
BRDA:66,9,0,1
BRDA:70,10,0,1
BRDA:76,11,0,1
BRDA:80,12,0,1
BRDA:84,13,0,1
BRDA:90,14,0,1
BRDA:94,15,0,1
BRDA:98,16,0,1
BRF:17
BRH:15
end_of_record
